app/build/intermediates/manifest_merge_blame_file/debug/processDebugMainManifest/manifest-merger-blame-debug-report.txt
1<?xml version="1.0" encoding="utf-8"?>
2<manifest xmlns:android="http://schemas.android.com/apk/res/android"
3    package="com.homebudget.monthly"
4    android:versionCode="1"
5    android:versionName="1.0" >
6
7    <uses-sdk
8        android:minSdkVersion="26"
9        android:targetSdkVersion="35" />
10
11    <uses-permission android:name="android.permission.INTERNET" />
11-->src\main\AndroidManifest.xml:4:5-67
11-->src\main\AndroidManifest.xml:4:22-64
12    <uses-permission
12-->src\main\AndroidManifest.xml:5:5-107
13        android:name="android.permission.WRITE_EXTERNAL_STORAGE"
13-->src\main\AndroidManifest.xml:5:22-78
14        android:maxSdkVersion="28" />
14-->src\main\AndroidManifest.xml:5:79-105
15    <uses-permission
15-->src\main\AndroidManifest.xml:6:5-106
16        android:name="android.permission.READ_EXTERNAL_STORAGE"
16-->src\main\AndroidManifest.xml:6:22-77
17        android:maxSdkVersion="32" />
17-->src\main\AndroidManifest.xml:6:78-104
18    <uses-permission android:name="android.permission.MANAGE_EXTERNAL_STORAGE" />
18-->src\main\AndroidManifest.xml:7:5-82
18-->src\main\AndroidManifest.xml:7:22-79
19
20    <permission
20-->[androidx.core:core:1.13.1] AndroidManifest.xml:22:5-24:47
21        android:name="com.homebudget.monthly.DYNAMIC_RECEIVER_NOT_EXPORTED_PERMISSION"
21-->[androidx.core:core:1.13.1] AndroidManifest.xml:23:9-81
22        android:protectionLevel="signature" />
22-->[androidx.core:core:1.13.1] AndroidManifest.xml:24:9-44
23
24    <uses-permission android:name="com.homebudget.monthly.DYNAMIC_RECEIVER_NOT_EXPORTED_PERMISSION" />
24-->[androidx.core:core:1.13.1] AndroidManifest.xml:26:5-97
24-->[androidx.core:core:1.13.1] AndroidManifest.xml:26:22-94
25
26    <application
26-->src\main\AndroidManifest.xml:9:5-36:19
27        android:name="com.homebudget.monthly.HomeBudgetApp"
27-->src\main\AndroidManifest.xml:10:9-38
28        android:allowBackup="true"
28-->src\main\AndroidManifest.xml:11:9-35
29        android:appComponentFactory="androidx.core.app.CoreComponentFactory"
29-->[androidx.core:core:1.13.1] AndroidManifest.xml:28:18-86
30        android:debuggable="true"
31        android:extractNativeLibs="false"
32        android:icon="@mipmap/ic_launcher"
32-->src\main\AndroidManifest.xml:12:9-43
33        android:label="@string/app_name"
33-->src\main\AndroidManifest.xml:13:9-41
34        android:roundIcon="@mipmap/ic_launcher_round"
34-->src\main\AndroidManifest.xml:14:9-54
35        android:supportsRtl="true"
35-->src\main\AndroidManifest.xml:15:9-35
36        android:theme="@style/Theme.HomeBudget" >
36-->src\main\AndroidManifest.xml:16:9-48
37        <activity
37-->src\main\AndroidManifest.xml:17:9-25:20
38            android:name="com.homebudget.monthly.MainActivity"
38-->src\main\AndroidManifest.xml:18:13-41
39            android:exported="true"
39-->src\main\AndroidManifest.xml:19:13-36
40            android:theme="@style/Theme.HomeBudget" >
40-->src\main\AndroidManifest.xml:20:13-52
41            <intent-filter>
41-->src\main\AndroidManifest.xml:21:13-24:29
42                <action android:name="android.intent.action.MAIN" />
42-->src\main\AndroidManifest.xml:22:17-69
42-->src\main\AndroidManifest.xml:22:25-66
43
44                <category android:name="android.intent.category.LAUNCHER" />
44-->src\main\AndroidManifest.xml:23:17-77
44-->src\main\AndroidManifest.xml:23:27-74
45            </intent-filter>
46        </activity>
47
48        <provider
49            android:name="androidx.core.content.FileProvider"
49-->src\main\AndroidManifest.xml:28:13-62
50            android:authorities="com.homebudget.monthly.provider"
50-->src\main\AndroidManifest.xml:29:13-60
51            android:exported="false"
51-->src\main\AndroidManifest.xml:30:13-37
52            android:grantUriPermissions="true" >
52-->src\main\AndroidManifest.xml:31:13-47
53            <meta-data
53-->src\main\AndroidManifest.xml:32:13-34:63
54                android:name="android.support.FILE_PROVIDER_PATHS"
54-->src\main\AndroidManifest.xml:33:17-67
55                android:resource="@xml/file_provider_paths" />
55-->src\main\AndroidManifest.xml:34:17-60
56        </provider>
57
58        <activity
58-->[androidx.compose.ui:ui-test-manifest:1.7.3] AndroidManifest.xml:23:9-25:39
59            android:name="androidx.activity.ComponentActivity"
59-->[androidx.compose.ui:ui-test-manifest:1.7.3] AndroidManifest.xml:24:13-63
60            android:exported="true" />
60-->[androidx.compose.ui:ui-test-manifest:1.7.3] AndroidManifest.xml:25:13-36
61        <activity
61-->[androidx.compose.ui:ui-tooling-android:1.7.3] AndroidManifest.xml:23:9-25:39
62            android:name="androidx.compose.ui.tooling.PreviewActivity"
62-->[androidx.compose.ui:ui-tooling-android:1.7.3] AndroidManifest.xml:24:13-71
63            android:exported="true" />
63-->[androidx.compose.ui:ui-tooling-android:1.7.3] AndroidManifest.xml:25:13-36
64
65        <provider
65-->[androidx.emoji2:emoji2:1.3.0] AndroidManifest.xml:24:9-32:20
66            android:name="androidx.startup.InitializationProvider"
66-->[androidx.emoji2:emoji2:1.3.0] AndroidManifest.xml:25:13-67
67            android:authorities="com.homebudget.monthly.androidx-startup"
67-->[androidx.emoji2:emoji2:1.3.0] AndroidManifest.xml:26:13-68
68            android:exported="false" >
68-->[androidx.emoji2:emoji2:1.3.0] AndroidManifest.xml:27:13-37
69            <meta-data
69-->[androidx.emoji2:emoji2:1.3.0] AndroidManifest.xml:29:13-31:52
70                android:name="androidx.emoji2.text.EmojiCompatInitializer"
70-->[androidx.emoji2:emoji2:1.3.0] AndroidManifest.xml:30:17-75
71                android:value="androidx.startup" />
71-->[androidx.emoji2:emoji2:1.3.0] AndroidManifest.xml:31:17-49
72            <meta-data
72-->[androidx.lifecycle:lifecycle-process:2.8.6] AndroidManifest.xml:29:13-31:52
73                android:name="androidx.lifecycle.ProcessLifecycleInitializer"
73-->[androidx.lifecycle:lifecycle-process:2.8.6] AndroidManifest.xml:30:17-78
74                android:value="androidx.startup" />
74-->[androidx.lifecycle:lifecycle-process:2.8.6] AndroidManifest.xml:31:17-49
75            <meta-data
75-->[androidx.profileinstaller:profileinstaller:1.3.1] AndroidManifest.xml:29:13-31:52
76                android:name="androidx.profileinstaller.ProfileInstallerInitializer"
76-->[androidx.profileinstaller:profileinstaller:1.3.1] AndroidManifest.xml:30:17-85
77                android:value="androidx.startup" />
77-->[androidx.profileinstaller:profileinstaller:1.3.1] AndroidManifest.xml:31:17-49
78        </provider>
79
80        <service
80-->[androidx.room:room-runtime:2.6.1] AndroidManifest.xml:24:9-28:63
81            android:name="androidx.room.MultiInstanceInvalidationService"
81-->[androidx.room:room-runtime:2.6.1] AndroidManifest.xml:25:13-74
82            android:directBootAware="true"
82-->[androidx.room:room-runtime:2.6.1] AndroidManifest.xml:26:13-43
83            android:exported="false" />
83-->[androidx.room:room-runtime:2.6.1] AndroidManifest.xml:27:13-37
84
85        <receiver
85-->[androidx.profileinstaller:profileinstaller:1.3.1] AndroidManifest.xml:34:9-52:20
86            android:name="androidx.profileinstaller.ProfileInstallReceiver"
86-->[androidx.profileinstaller:profileinstaller:1.3.1] AndroidManifest.xml:35:13-76
87            android:directBootAware="false"
87-->[androidx.profileinstaller:profileinstaller:1.3.1] AndroidManifest.xml:36:13-44
88            android:enabled="true"
88-->[androidx.profileinstaller:profileinstaller:1.3.1] AndroidManifest.xml:37:13-35
89            android:exported="true"
89-->[androidx.profileinstaller:profileinstaller:1.3.1] AndroidManifest.xml:38:13-36
90            android:permission="android.permission.DUMP" >
90-->[androidx.profileinstaller:profileinstaller:1.3.1] AndroidManifest.xml:39:13-57
91            <intent-filter>
91-->[androidx.profileinstaller:profileinstaller:1.3.1] AndroidManifest.xml:40:13-42:29
92                <action android:name="androidx.profileinstaller.action.INSTALL_PROFILE" />
92-->[androidx.profileinstaller:profileinstaller:1.3.1] AndroidManifest.xml:41:17-91
92-->[androidx.profileinstaller:profileinstaller:1.3.1] AndroidManifest.xml:41:25-88
93            </intent-filter>
94            <intent-filter>
94-->[androidx.profileinstaller:profileinstaller:1.3.1] AndroidManifest.xml:43:13-45:29
95                <action android:name="androidx.profileinstaller.action.SKIP_FILE" />
95-->[androidx.profileinstaller:profileinstaller:1.3.1] AndroidManifest.xml:44:17-85
95-->[androidx.profileinstaller:profileinstaller:1.3.1] AndroidManifest.xml:44:25-82
96            </intent-filter>
97            <intent-filter>
97-->[androidx.profileinstaller:profileinstaller:1.3.1] AndroidManifest.xml:46:13-48:29
98                <action android:name="androidx.profileinstaller.action.SAVE_PROFILE" />
98-->[androidx.profileinstaller:profileinstaller:1.3.1] AndroidManifest.xml:47:17-88
98-->[androidx.profileinstaller:profileinstaller:1.3.1] AndroidManifest.xml:47:25-85
99            </intent-filter>
100            <intent-filter>
100-->[androidx.profileinstaller:profileinstaller:1.3.1] AndroidManifest.xml:49:13-51:29
101                <action android:name="androidx.profileinstaller.action.BENCHMARK_OPERATION" />
101-->[androidx.profileinstaller:profileinstaller:1.3.1] AndroidManifest.xml:50:17-95
101-->[androidx.profileinstaller:profileinstaller:1.3.1] AndroidManifest.xml:50:25-92
102            </intent-filter>
103        </receiver>
104    </application>
105
106</manifest>